<?xml version="1.0" encoding="UTF-8"?>
<testsuite name="pl.edu.agh.school.StudentTest" tests="3" skipped="0" failures="0" errors="0" timestamp="2022-10-26T21:38:35" hostname="DESKTOP-N2S9NON" time="0.047">
  <properties/>
  <testcase name="testGetName()" classname="pl.edu.agh.school.StudentTest" time="0.04"/>
  <testcase name="testGetSchedule()" classname="pl.edu.agh.school.StudentTest" time="0.003"/>
  <testcase name="testSetSchoolClass()" classname="pl.edu.agh.school.StudentTest" time="0.002"/>
  <system-out><![CDATA[]]></system-out>
  <system-err><![CDATA[]]></system-err>
</testsuite>
