<?xml version="1.0" encoding="UTF-8"?>
<testsuite name="pl.edu.agh.school.SchoolClassTest" tests="6" skipped="0" failures="0" errors="0" timestamp="2022-10-26T21:38:35" hostname="DESKTOP-N2S9NON" time="0.087">
  <properties/>
  <testcase name="testMeetSearchCriteria()" classname="pl.edu.agh.school.SchoolClassTest" time="0.054"/>
  <testcase name="testMeetSearchCriteriaDoesNotMeet()" classname="pl.edu.agh.school.SchoolClassTest" time="0.003"/>
  <testcase name="testNameAndProfile()" classname="pl.edu.agh.school.SchoolClassTest" time="0.002"/>
  <testcase name="testAddStudent()" classname="pl.edu.agh.school.SchoolClassTest" time="0.014"/>
  <testcase name="testAddSubject()" classname="pl.edu.agh.school.SchoolClassTest" time="0.003"/>
  <testcase name="testSchedule()" classname="pl.edu.agh.school.SchoolClassTest" time="0.006"/>
  <system-out><![CDATA[]]></system-out>
  <system-err><![CDATA[]]></system-err>
</testsuite>
